{"label":"storeui-18755","level":"info","message":"baseURI is '/'","timestamp":"2024-11-15 19:13:35 +05:30"}
{"label":"storeui-18755","level":"info","message":"public static file route is:  '/occ-public'","timestamp":"2024-11-15 19:13:35 +05:30"}
{"label":"storeui-18755","level":"info","message":"OSF v5.5.0","timestamp":"2024-11-15 19:13:35 +05:30"}
{"label":"storeui-18755","level":"info","message":"Latest available version of OSF is v5.7.1","timestamp":"2024-11-15 19:13:36 +05:30"}
{"label":"storeui-18874","level":"info","message":"baseURI is '/'","timestamp":"2024-11-15 19:14:11 +05:30"}
{"label":"storeui-18874","level":"info","message":"public static file route is:  '/occ-public'","timestamp":"2024-11-15 19:14:11 +05:30"}
{"label":"storeui-18874","level":"warn","message":"Failed to find \"modern\" build assets","timestamp":"2024-11-15 19:14:12 +05:30"}
{"label":"storeui-18874","level":"warn","message":"Failed to find \"legacy\" build assets","timestamp":"2024-11-15 19:14:12 +05:30"}
{"label":"storeui-18874","level":"warn","message":"ALIAS - @oracle-cx-commerce/styles/common.css (@oracle-cx-commerce/domino-printing-uk/src/plugins/themes/_blank.css)","timestamp":"2024-11-15 19:14:12 +05:30"}
{"label":"storeui-18874","level":"warn","message":"ALIAS - @oracle-cx-commerce/styles/desktop.css (@oracle-cx-commerce/domino-printing-uk/src/plugins/themes/_blank.css)","timestamp":"2024-11-15 19:14:12 +05:30"}
{"label":"storeui-18874","level":"warn","message":"ALIAS - @oracle-cx-commerce/actions/session (@oracle-cx-commerce/domino-printing-uk/src/plugins/components/substitution/action/session/index.js)","timestamp":"2024-11-15 19:14:12 +05:30"}
{"label":"storeui-18874","level":"warn","message":"ALIAS - @oracle-cx-commerce/subscribers/session (@oracle-cx-commerce/domino-printing-uk/src/plugins/override/subscribers/session/index.js)","timestamp":"2024-11-15 19:14:12 +05:30"}
{"label":"storeui-18874","level":"info","message":"OCC_BUILDER = rollup","timestamp":"2024-11-15 19:14:12 +05:30"}
{"label":"storeui-18874","level":"info","message":"Express route base uri is:  ''","timestamp":"2024-11-15 19:14:12 +05:30"}
{"label":"storeui-18874","level":"info","message":"Not starting https server because the following configuration is not set: httpsHost, httpsPort, sslKey and sslCert","timestamp":"2024-11-15 19:14:12 +05:30"}
{"label":"storeui-18874","level":"info","message":"Application 'domino-printing-uk' is running -> http://localhost:3000 (development)","timestamp":"2024-11-15 19:14:12 +05:30"}
{"label":"storeui-18874","level":"http","message":"GET / 401 259.239 ms - 1468","timestamp":"2024-11-15 19:14:50 +05:30"}
{"label":"storeui-19047","level":"info","message":"baseURI is '/'","timestamp":"2024-11-15 19:15:23 +05:30"}
{"label":"storeui-19047","level":"info","message":"public static file route is:  '/occ-public'","timestamp":"2024-11-15 19:15:23 +05:30"}
{"label":"storeui-19047","level":"warn","message":"Failed to find \"legacy\" build assets","timestamp":"2024-11-15 19:15:24 +05:30"}
{"label":"storeui-19047","level":"warn","message":"ALIAS - @oracle-cx-commerce/styles/common.css (@oracle-cx-commerce/domino-printing-uk/src/plugins/themes/_blank.css)","timestamp":"2024-11-15 19:15:24 +05:30"}
{"label":"storeui-19047","level":"warn","message":"ALIAS - @oracle-cx-commerce/styles/desktop.css (@oracle-cx-commerce/domino-printing-uk/src/plugins/themes/_blank.css)","timestamp":"2024-11-15 19:15:24 +05:30"}
{"label":"storeui-19047","level":"warn","message":"ALIAS - @oracle-cx-commerce/actions/session (@oracle-cx-commerce/domino-printing-uk/src/plugins/components/substitution/action/session/index.js)","timestamp":"2024-11-15 19:15:24 +05:30"}
{"label":"storeui-19047","level":"warn","message":"ALIAS - @oracle-cx-commerce/subscribers/session (@oracle-cx-commerce/domino-printing-uk/src/plugins/override/subscribers/session/index.js)","timestamp":"2024-11-15 19:15:24 +05:30"}
{"label":"storeui-19047","level":"info","message":"OCC_BUILDER = rollup","timestamp":"2024-11-15 19:15:24 +05:30"}
{"label":"storeui-19047","level":"info","message":"Express route base uri is:  ''","timestamp":"2024-11-15 19:15:24 +05:30"}
{"label":"storeui-19047","level":"info","message":"Not starting https server because the following configuration is not set: httpsHost, httpsPort, sslKey and sslCert","timestamp":"2024-11-15 19:15:24 +05:30"}
{"label":"storeui-19047","level":"info","message":"Application 'domino-printing-uk' is running -> http://localhost:3000 (development)","timestamp":"2024-11-15 19:15:24 +05:30"}
{"label":"storeui-19047","level":"error","message":"Warning: Failed prop type: The prop `id` is marked as required in `Styled`, but its value is `undefined`.\n    at Styled (/Users/apple/Desktop/Domino/domino-occ-storefront/packages/apps/domino-printing-uk/dist/cjs/server.js:23688:3)\n    at CustomContainer (/Users/apple/Desktop/Domino/domino-occ-storefront/packages/apps/domino-printing-uk/dist/cjs/server.js:220814:5)\n    at Widget (/Users/apple/Desktop/Domino/domino-occ-storefront/packages/apps/domino-printing-uk/dist/cjs/server.js:30084:28)\n    at Connect (/Users/apple/Desktop/Domino/domino-occ-storefront/packages/apps/domino-printing-uk/dist/cjs/server.js:23526:23)\n    at section\n    at Region (/Users/apple/Desktop/Domino/domino-occ-storefront/packages/apps/domino-printing-uk/dist/cjs/server.js:30178:5)\n    at Connect (/Users/apple/Desktop/Domino/domino-occ-storefront/packages/apps/domino-printing-uk/dist/cjs/server.js:23526:23)\n    at section\n    at Styled (/Users/apple/Desktop/Domino/domino-occ-storefront/packages/apps/domino-printing-uk/dist/cjs/server.js:23688:3)\n    at Container (/Users/apple/Desktop/Domino/domino-occ-storefront/packages/apps/domino-printing-uk/dist/cjs/server.js:34153:5)\n    at div\n    at /Users/apple/Desktop/Domino/domino-occ-storefront/packages/apps/domino-printing-uk/dist/cjs/server.js:30081:20\n    at Widget (/Users/apple/Desktop/Domino/domino-occ-storefront/packages/apps/domino-printing-uk/dist/cjs/server.js:30084:28)\n    at Connect (/Users/apple/Desktop/Domino/domino-occ-storefront/packages/apps/domino-printing-uk/dist/cjs/server.js:23526:23)\n    at section\n    at Region (/Users/apple/Desktop/Domino/domino-occ-storefront/packages/apps/domino-printing-uk/dist/cjs/server.js:30178:5)\n    at Connect (/Users/apple/Desktop/Domino/domino-occ-storefront/packages/apps/domino-printing-uk/dist/cjs/server.js:23526:23)\n    at section\n    at Styled (/Users/apple/Desktop/Domino/domino-occ-storefront/packages/apps/domino-printing-uk/dist/cjs/server.js:23688:3)\n    at FooterContainer (/Users/apple/Desktop/Domino/domino-occ-storefront/packages/apps/domino-printing-uk/dist/cjs/server.js:204798:5)\n    at Connect (/Users/apple/Desktop/Domino/domino-occ-storefront/packages/apps/domino-printing-uk/dist/cjs/server.js:23526:23)\n    at Widget (/Users/apple/Desktop/Domino/domino-occ-storefront/packages/apps/domino-printing-uk/dist/cjs/server.js:30084:28)\n    at Connect (/Users/apple/Desktop/Domino/domino-occ-storefront/packages/apps/domino-printing-uk/dist/cjs/server.js:23526:23)\n    at section\n    at Region (/Users/apple/Desktop/Domino/domino-occ-storefront/packages/apps/domino-printing-uk/dist/cjs/server.js:30178:5)\n    at Connect (/Users/apple/Desktop/Domino/domino-occ-storefront/packages/apps/domino-printing-uk/dist/cjs/server.js:23526:23)\n    at footer\n    at Styled (/Users/apple/Desktop/Domino/domino-occ-storefront/packages/apps/domino-printing-uk/dist/cjs/server.js:23688:3)\n    at Page (/Users/apple/Desktop/Domino/domino-occ-storefront/packages/apps/domino-printing-uk/dist/cjs/server.js:55897:5)\n    at Connect (/Users/apple/Desktop/Domino/domino-occ-storefront/packages/apps/domino-printing-uk/dist/cjs/server.js:23526:23)\n    at Provider (/Users/apple/Desktop/Domino/domino-occ-storefront/packages/apps/domino-printing-uk/dist/cjs/server.js:23586:5)\n    at Root (/Users/apple/Desktop/Domino/domino-occ-storefront/packages/apps/domino-printing-uk/dist/cjs/server.js:56071:3)","timestamp":"2024-11-15 19:17:19 +05:30"}
{"label":"storeui-19047","level":"error","message":"Warning: Failed prop type: this is not a function\n    at ImageLink (/Users/apple/Desktop/Domino/domino-occ-storefront/packages/apps/domino-printing-uk/dist/cjs/server.js:220866:5)\n    at /Users/apple/Desktop/Domino/domino-occ-storefront/packages/apps/domino-printing-uk/dist/cjs/server.js:30081:20\n    at Widget (/Users/apple/Desktop/Domino/domino-occ-storefront/packages/apps/domino-printing-uk/dist/cjs/server.js:30084:28)\n    at Connect (/Users/apple/Desktop/Domino/domino-occ-storefront/packages/apps/domino-printing-uk/dist/cjs/server.js:23526:23)\n    at section\n    at Region (/Users/apple/Desktop/Domino/domino-occ-storefront/packages/apps/domino-printing-uk/dist/cjs/server.js:30178:5)\n    at Connect (/Users/apple/Desktop/Domino/domino-occ-storefront/packages/apps/domino-printing-uk/dist/cjs/server.js:23526:23)\n    at section\n    at ContainerContent\n    at Styled (/Users/apple/Desktop/Domino/domino-occ-storefront/packages/apps/domino-printing-uk/dist/cjs/server.js:23688:3)\n    at CustomContainer (/Users/apple/Desktop/Domino/domino-occ-storefront/packages/apps/domino-printing-uk/dist/cjs/server.js:220814:5)\n    at Widget (/Users/apple/Desktop/Domino/domino-occ-storefront/packages/apps/domino-printing-uk/dist/cjs/server.js:30084:28)\n    at Connect (/Users/apple/Desktop/Domino/domino-occ-storefront/packages/apps/domino-printing-uk/dist/cjs/server.js:23526:23)\n    at section\n    at Region (/Users/apple/Desktop/Domino/domino-occ-storefront/packages/apps/domino-printing-uk/dist/cjs/server.js:30178:5)\n    at Connect (/Users/apple/Desktop/Domino/domino-occ-storefront/packages/apps/domino-printing-uk/dist/cjs/server.js:23526:23)\n    at section\n    at Styled (/Users/apple/Desktop/Domino/domino-occ-storefront/packages/apps/domino-printing-uk/dist/cjs/server.js:23688:3)\n    at Container (/Users/apple/Desktop/Domino/domino-occ-storefront/packages/apps/domino-printing-uk/dist/cjs/server.js:34153:5)\n    at div\n    at /Users/apple/Desktop/Domino/domino-occ-storefront/packages/apps/domino-printing-uk/dist/cjs/server.js:30081:20\n    at Widget (/Users/apple/Desktop/Domino/domino-occ-storefront/packages/apps/domino-printing-uk/dist/cjs/server.js:30084:28)\n    at Connect (/Users/apple/Desktop/Domino/domino-occ-storefront/packages/apps/domino-printing-uk/dist/cjs/server.js:23526:23)\n    at section\n    at Region (/Users/apple/Desktop/Domino/domino-occ-storefront/packages/apps/domino-printing-uk/dist/cjs/server.js:30178:5)\n    at Connect (/Users/apple/Desktop/Domino/domino-occ-storefront/packages/apps/domino-printing-uk/dist/cjs/server.js:23526:23)\n    at section\n    at Styled (/Users/apple/Desktop/Domino/domino-occ-storefront/packages/apps/domino-printing-uk/dist/cjs/server.js:23688:3)\n    at FooterContainer (/Users/apple/Desktop/Domino/domino-occ-storefront/packages/apps/domino-printing-uk/dist/cjs/server.js:204798:5)\n    at Connect (/Users/apple/Desktop/Domino/domino-occ-storefront/packages/apps/domino-printing-uk/dist/cjs/server.js:23526:23)\n    at Widget (/Users/apple/Desktop/Domino/domino-occ-storefront/packages/apps/domino-printing-uk/dist/cjs/server.js:30084:28)\n    at Connect (/Users/apple/Desktop/Domino/domino-occ-storefront/packages/apps/domino-printing-uk/dist/cjs/server.js:23526:23)\n    at section\n    at Region (/Users/apple/Desktop/Domino/domino-occ-storefront/packages/apps/domino-printing-uk/dist/cjs/server.js:30178:5)\n    at Connect (/Users/apple/Desktop/Domino/domino-occ-storefront/packages/apps/domino-printing-uk/dist/cjs/server.js:23526:23)\n    at footer\n    at Styled (/Users/apple/Desktop/Domino/domino-occ-storefront/packages/apps/domino-printing-uk/dist/cjs/server.js:23688:3)\n    at Page (/Users/apple/Desktop/Domino/domino-occ-storefront/packages/apps/domino-printing-uk/dist/cjs/server.js:55897:5)\n    at Connect (/Users/apple/Desktop/Domino/domino-occ-storefront/packages/apps/domino-printing-uk/dist/cjs/server.js:23526:23)\n    at Provider (/Users/apple/Desktop/Domino/domino-occ-storefront/packages/apps/domino-printing-uk/dist/cjs/server.js:23586:5)\n    at Root (/Users/apple/Desktop/Domino/domino-occ-storefront/packages/apps/domino-printing-uk/dist/cjs/server.js:56071:3)","timestamp":"2024-11-15 19:17:19 +05:30"}
{"label":"storeui-19047","level":"http","message":"GET / 200 1527.865 ms - -","timestamp":"2024-11-15 19:17:19 +05:30"}
{"label":"storeui-19047","level":"http","message":"GET /occ-assets/styles/accelerator.css 200 10.874 ms - 466786","timestamp":"2024-11-15 19:17:19 +05:30"}
{"label":"storeui-19047","level":"http","message":"GET /file/general/Buy%20Domino%20Banner%20Final%20ENG.jpg 404 827.820 ms - 3206","timestamp":"2024-11-15 19:17:20 +05:30"}
{"label":"storeui-19047","level":"http","message":"GET /ccstore/v1/images/?source=/file/general/colmc.png&height=940&width=940&quality=1 200 1135.198 ms - 52668","timestamp":"2024-11-15 19:17:20 +05:30"}
{"label":"storeui-19047","level":"http","message":"GET /ccstore/v1/images/?source=/file/v6482687775464961383/general/publications-printers.png&height=200&width=200 200 1166.643 ms - 13091","timestamp":"2024-11-15 19:17:20 +05:30"}
{"label":"storeui-19047","level":"http","message":"GET /ccstore/v1/images/?source=/file/v3359736540482310251/general/Consumables.png&height=200&width=200 404 1166.585 ms - 47","timestamp":"2024-11-15 19:17:20 +05:30"}
{"label":"storeui-19047","level":"http","message":"GET /ccstore/v1/images/?source=/file/v413549365431389700/general/Products.png&height=200&width=200 404 1213.454 ms - 47","timestamp":"2024-11-15 19:17:20 +05:30"}
{"label":"storeui-19047","level":"http","message":"GET /ccstore/v1/images/?source=/file/v7677105186730816791/general/Industrial-icon_white.png&height=200&width=200 404 1221.271 ms - 47","timestamp":"2024-11-15 19:17:20 +05:30"}
{"label":"storeui-19047","level":"http","message":"GET /ccstore/v1/registry 200 178.149 ms - 6551","timestamp":"2024-11-15 19:17:21 +05:30"}
{"label":"storeui-19047","level":"http","message":"GET /ccstore/v1/xregistry 200 180.279 ms - 479","timestamp":"2024-11-15 19:17:21 +05:30"}
{"label":"storeui-19047","level":"http","message":"GET /ccstore/v1/images/?source=/file/v4864335582673942528/general/tickets-and-forms.png&height=200&width=200 200 708.196 ms - 15313","timestamp":"2024-11-15 19:17:21 +05:30"}
{"label":"storeui-19047","level":"http","message":"GET /ccstore/v1/images/?source=/file/v8163627244461733733/general/postal-service-providers.png&height=200&width=200 200 841.704 ms - 6426","timestamp":"2024-11-15 19:17:21 +05:30"}
{"label":"storeui-19047","level":"http","message":"POST /ccstore/v1/logging/logClientErrors 204 177.290 ms - -","timestamp":"2024-11-15 19:17:21 +05:30"}
{"label":"storeui-19047","level":"http","message":"GET /ccstore/v1/orders/current?exclude=shippingMethod 204 199.904 ms - -","timestamp":"2024-11-15 19:17:21 +05:30"}
{"label":"storeui-19047","level":"http","message":"GET /file/v3621145867445599232/general/favicon.png 200 1155.846 ms - 486","timestamp":"2024-11-15 19:17:21 +05:30"}
{"label":"storeui-19047","level":"http","message":"POST /ccstore/v1/ccm/page 204 177.607 ms - -","timestamp":"2024-11-15 19:17:21 +05:30"}
{"label":"storeui-19047","level":"http","message":"GET /ccstore/v1/merchant/production-Recommendations 200 190.541 ms - 251","timestamp":"2024-11-15 19:17:21 +05:30"}
{"label":"storeui-19047","level":"http","message":"GET /ccstore/v1/merchant/cloudConfiguration 200 458.476 ms - 683","timestamp":"2024-11-15 19:17:22 +05:30"}
{"label":"storeui-19047","level":"http","message":"GET /file/v2632138159069786207/general/no-image.jpg 200 1457.022 ms - 36731","timestamp":"2024-11-15 19:17:22 +05:30"}
{"label":"storeui-19047","level":"http","message":"GET /ccstore/v1/products?productIds=100000005892196%2C100000005899650%2C100000005992310%2C100000005974576%2C100000005914052%2C100000006084902%2C100000006037652%2C100000005976210%2C100000005902355%2C100000005990010%2C100000006050806%2C100000005975717%2C100000005975988%2C100000005970674%2C100000005970676%2C100000006044151 200 361.042 ms - 4445","timestamp":"2024-11-15 19:17:22 +05:30"}
{"label":"storeui-19047","level":"http","message":"GET /ccstore/v1/stockStatus?products=100000005892196%2C100000005899650%2C100000005992310%2C100000005974576%2C100000005914052%2C100000006084902%2C100000006037652%2C100000005976210%2C100000005902355%2C100000005990010%2C100000006050806%2C100000005975717%2C100000005975988%2C100000005970674%2C100000005970676%2C100000006044151 200 224.275 ms - 602","timestamp":"2024-11-15 19:17:23 +05:30"}
{"label":"storeui-19047","level":"http","message":"POST /ccstore/v1/analytics/visitorsMetric 200 198.601 ms - 118","timestamp":"2024-11-15 19:17:24 +05:30"}
{"label":"storeui-19047","level":"http","message":"POST /ccstore/v1/analytics/visitorsMetric 200 1277.645 ms - 118","timestamp":"2024-11-17 12:50:27 +05:30"}
{"label":"storeui-19047","level":"http","message":"POST /ccstore/v1/analytics/visitorsMetric 200 1519.959 ms - 118","timestamp":"2024-11-18 11:58:25 +05:30"}
{"label":"storeui-19047","level":"http","message":"GET / 200 2004.241 ms - -","timestamp":"2024-11-18 13:13:51 +05:30"}
{"label":"storeui-19047","level":"http","message":"GET /occ-assets/styles/accelerator.css 304 4.262 ms - -","timestamp":"2024-11-18 13:13:51 +05:30"}
{"label":"storeui-19047","level":"http","message":"GET /file/general/Buy%20Domino%20Banner%20Final%20ENG.jpg 404 1190.274 ms - 3206","timestamp":"2024-11-18 13:13:52 +05:30"}
{"label":"storeui-19047","level":"http","message":"GET /ccstore/v1/images/?source=/file/v8163627244461733733/general/postal-service-providers.png&height=200&width=200 304 1164.086 ms - -","timestamp":"2024-11-18 13:13:52 +05:30"}
{"label":"storeui-19047","level":"http","message":"GET /ccstore/v1/images/?source=/file/v3359736540482310251/general/Consumables.png&height=200&width=200 404 1173.966 ms - 47","timestamp":"2024-11-18 13:13:52 +05:30"}
{"label":"storeui-19047","level":"http","message":"GET /ccstore/v1/registry 200 179.413 ms - 6551","timestamp":"2024-11-18 13:13:52 +05:30"}
{"label":"storeui-19047","level":"http","message":"GET /ccstore/v1/xregistry 200 181.987 ms - 479","timestamp":"2024-11-18 13:13:52 +05:30"}
{"label":"storeui-19047","level":"http","message":"GET /ccstore/v1/images/?source=/file/v4864335582673942528/general/tickets-and-forms.png&height=200&width=200 304 1418.652 ms - -","timestamp":"2024-11-18 13:13:52 +05:30"}
{"label":"storeui-19047","level":"http","message":"GET /ccstore/v1/images/?source=/file/v6482687775464961383/general/publications-printers.png&height=200&width=200 304 1425.174 ms - -","timestamp":"2024-11-18 13:13:52 +05:30"}
{"label":"storeui-19047","level":"http","message":"POST /ccstore/v1/logging/logClientErrors 204 183.368 ms - -","timestamp":"2024-11-18 13:13:52 +05:30"}
{"label":"storeui-19047","level":"http","message":"GET /ccstore/v1/images/?source=/file/general/colmc.png&height=940&width=940&quality=1 304 1659.450 ms - -","timestamp":"2024-11-18 13:13:53 +05:30"}
{"label":"storeui-19047","level":"http","message":"GET /ccstore/v1/images/?source=/file/v413549365431389700/general/Products.png&height=200&width=200 404 312.106 ms - 47","timestamp":"2024-11-18 13:13:53 +05:30"}
{"label":"storeui-19047","level":"http","message":"GET /ccstore/v1/images/?source=/file/v7677105186730816791/general/Industrial-icon_white.png&height=200&width=200 404 334.105 ms - 47","timestamp":"2024-11-18 13:13:53 +05:30"}
{"label":"storeui-19047","level":"http","message":"GET /ccstore/v1/orders/current?exclude=shippingMethod 204 185.441 ms - -","timestamp":"2024-11-18 13:13:53 +05:30"}
{"label":"storeui-19047","level":"http","message":"POST /ccstore/v1/ccm/page 204 214.986 ms - -","timestamp":"2024-11-18 13:13:53 +05:30"}
{"label":"storeui-19047","level":"http","message":"GET /ccstore/v1/merchant/cloudConfiguration 200 216.866 ms - 683","timestamp":"2024-11-18 13:13:53 +05:30"}
{"label":"storeui-19047","level":"http","message":"GET /ccstore/v1/merchant/production-Recommendations 200 184.907 ms - 251","timestamp":"2024-11-18 13:13:53 +05:30"}
{"label":"storeui-19047","level":"http","message":"GET /file/v3621145867445599232/general/favicon.png 304 1102.796 ms - -","timestamp":"2024-11-18 13:13:53 +05:30"}
{"label":"storeui-19047","level":"http","message":"GET /file/v2632138159069786207/general/no-image.jpg 304 1422.371 ms - -","timestamp":"2024-11-18 13:13:54 +05:30"}
{"label":"storeui-19047","level":"http","message":"GET /ccstore/v1/products?productIds=100000005892196%2C100000006117882%2C100000005947364%2C100000005992180%2C100000005970482%2C100000005976489%2C100000005899677%2C100000006085173%2C100000005928200%2C100000005992373%2C100000005975418%2C100000005974576%2C100000006048437%2C100000005899699%2C100000006118005%2C100000005976456 200 838.126 ms - 4363","timestamp":"2024-11-18 13:13:54 +05:30"}
{"label":"storeui-19047","level":"http","message":"POST /ccstore/v1/analytics/visitorsMetric 200 663.218 ms - 118","timestamp":"2024-11-18 13:13:55 +05:30"}
{"label":"storeui-19047","level":"http","message":"GET /ccstore/v1/stockStatus?products=100000005892196%2C100000006117882%2C100000005947364%2C100000005992180%2C100000005970482%2C100000005976489%2C100000005899677%2C100000006085173%2C100000005928200%2C100000005992373%2C100000005975418%2C100000005974576%2C100000006048437%2C100000005899699%2C100000006118005%2C100000005976456 200 258.775 ms - 615","timestamp":"2024-11-18 13:13:55 +05:30"}
{"label":"storeui-19047","level":"http","message":"GET /lighting/category/lighting 404 571.338 ms - -","timestamp":"2024-11-18 13:13:57 +05:30"}
{"label":"storeui-19047","level":"http","message":"GET /occ-assets/styles/accelerator.css 304 1.430 ms - -","timestamp":"2024-11-18 13:13:57 +05:30"}
{"label":"storeui-19047","level":"http","message":"GET /ccstore/v1/xregistry 200 172.708 ms - 479","timestamp":"2024-11-18 13:13:57 +05:30"}
{"label":"storeui-19047","level":"http","message":"GET /ccstore/v1/registry 200 195.073 ms - 6551","timestamp":"2024-11-18 13:13:57 +05:30"}
{"label":"storeui-19047","level":"http","message":"POST /ccstore/v1/ccm/page 204 187.167 ms - -","timestamp":"2024-11-18 13:13:57 +05:30"}
{"label":"storeui-19047","level":"http","message":"POST /ccstore/v1/logging/logClientErrors 204 198.865 ms - -","timestamp":"2024-11-18 13:13:57 +05:30"}
{"label":"storeui-19047","level":"http","message":"GET /ccstore/v1/orders/current?exclude=shippingMethod 204 214.385 ms - -","timestamp":"2024-11-18 13:13:57 +05:30"}
{"label":"storeui-19047","level":"http","message":"GET /ccstore/v1/merchant/cloudConfiguration 200 270.132 ms - 683","timestamp":"2024-11-18 13:13:57 +05:30"}
{"label":"storeui-19047","level":"http","message":"GET /ccstore/v1/merchant/production-Recommendations 200 189.560 ms - 251","timestamp":"2024-11-18 13:13:57 +05:30"}
{"label":"storeui-19047","level":"http","message":"POST /ccstore/v1/analytics/visitorsMetric 200 189.410 ms - 118","timestamp":"2024-11-18 13:13:58 +05:30"}
{"label":"storeui-19047","level":"http","message":"POST /ccstore/v1/analytics/visitorsMetric 200 2232.123 ms - 118","timestamp":"2024-11-18 14:32:56 +05:30"}
{"label":"storeui-19047","level":"http","message":"POST /ccstore/v1/analytics/visitorsMetric 200 905.441 ms - 118","timestamp":"2024-11-18 16:16:33 +05:30"}
{"label":"storeui-19047","level":"http","message":"POST /ccstore/v1/analytics/visitorsMetric 200 1102.087 ms - 118","timestamp":"2024-11-18 17:40:22 +05:30"}
{"label":"storeui-19047","level":"http","message":"POST /ccstore/v1/analytics/visitorsMetric 200 285.431 ms - 118","timestamp":"2024-11-18 18:43:46 +05:30"}
{"label":"storeui-19047","level":"http","message":"POST /ccstore/v1/analytics/visitorsMetric 200 1301.429 ms - 118","timestamp":"2024-11-18 23:34:24 +05:30"}
{"label":"storeui-19047","level":"http","message":"POST /ccstore/v1/analytics/visitorsMetric 200 2237.908 ms - 118","timestamp":"2024-11-19 05:57:26 +05:30"}
{"label":"storeui-19047","level":"http","message":"POST /ccstore/v1/analytics/visitorsMetric 200 1295.100 ms - 118","timestamp":"2024-11-19 10:41:15 +05:30"}
{"label":"storeui-19047","level":"http","message":"POST /ccstore/v1/analytics/visitorsMetric 200 1389.430 ms - 118","timestamp":"2024-11-19 12:29:52 +05:30"}
{"label":"storeui-26500","level":"info","message":"baseURI is '/'","timestamp":"2024-11-19 12:58:27 +05:30"}
{"label":"storeui-26500","level":"info","message":"public static file route is:  '/occ-public'","timestamp":"2024-11-19 12:58:27 +05:30"}
{"label":"storeui-26500","level":"warn","message":"Failed to find \"modern\" build assets","timestamp":"2024-11-19 12:58:28 +05:30"}
{"label":"storeui-26500","level":"warn","message":"Failed to find \"legacy\" build assets","timestamp":"2024-11-19 12:58:28 +05:30"}
{"label":"storeui-26500","level":"warn","message":"ALIAS - @oracle-cx-commerce/styles/common.css (@oracle-cx-commerce/domino-printing-uk/src/plugins/themes/_blank.css)","timestamp":"2024-11-19 12:58:28 +05:30"}
{"label":"storeui-26500","level":"warn","message":"ALIAS - @oracle-cx-commerce/styles/desktop.css (@oracle-cx-commerce/domino-printing-uk/src/plugins/themes/_blank.css)","timestamp":"2024-11-19 12:58:28 +05:30"}
{"label":"storeui-26500","level":"warn","message":"ALIAS - @oracle-cx-commerce/actions/session (@oracle-cx-commerce/domino-printing-uk/src/plugins/components/substitution/action/session/index.js)","timestamp":"2024-11-19 12:58:28 +05:30"}
{"label":"storeui-26500","level":"warn","message":"ALIAS - @oracle-cx-commerce/subscribers/session (@oracle-cx-commerce/domino-printing-uk/src/plugins/override/subscribers/session/index.js)","timestamp":"2024-11-19 12:58:28 +05:30"}
{"label":"storeui-26500","level":"info","message":"OCC_BUILDER = rollup","timestamp":"2024-11-19 12:58:28 +05:30"}
{"label":"storeui-26500","level":"info","message":"Express route base uri is:  ''","timestamp":"2024-11-19 12:58:28 +05:30"}
{"label":"storeui-26500","level":"info","message":"Not starting https server because the following configuration is not set: httpsHost, httpsPort, sslKey and sslCert","timestamp":"2024-11-19 12:58:28 +05:30"}
{"label":"storeui-26500","level":"info","message":"Application 'domino-printing-uk' is running -> http://localhost:3000 (development)","timestamp":"2024-11-19 12:58:28 +05:30"}
{"label":"storeui-26601","level":"info","message":"baseURI is '/'","timestamp":"2024-11-19 12:59:26 +05:30"}
{"label":"storeui-26601","level":"info","message":"public static file route is:  '/occ-public'","timestamp":"2024-11-19 12:59:26 +05:30"}
{"label":"storeui-26601","level":"warn","message":"Failed to find \"legacy\" build assets","timestamp":"2024-11-19 12:59:27 +05:30"}
{"label":"storeui-26601","level":"warn","message":"ALIAS - @oracle-cx-commerce/styles/common.css (@oracle-cx-commerce/domino-printing-uk/src/plugins/themes/_blank.css)","timestamp":"2024-11-19 12:59:27 +05:30"}
{"label":"storeui-26601","level":"warn","message":"ALIAS - @oracle-cx-commerce/styles/desktop.css (@oracle-cx-commerce/domino-printing-uk/src/plugins/themes/_blank.css)","timestamp":"2024-11-19 12:59:27 +05:30"}
{"label":"storeui-26601","level":"warn","message":"ALIAS - @oracle-cx-commerce/actions/session (@oracle-cx-commerce/domino-printing-uk/src/plugins/components/substitution/action/session/index.js)","timestamp":"2024-11-19 12:59:27 +05:30"}
{"label":"storeui-26601","level":"warn","message":"ALIAS - @oracle-cx-commerce/subscribers/session (@oracle-cx-commerce/domino-printing-uk/src/plugins/override/subscribers/session/index.js)","timestamp":"2024-11-19 12:59:27 +05:30"}
{"label":"storeui-26601","level":"info","message":"OCC_BUILDER = rollup","timestamp":"2024-11-19 12:59:27 +05:30"}
{"label":"storeui-26601","level":"info","message":"Express route base uri is:  ''","timestamp":"2024-11-19 12:59:27 +05:30"}
{"label":"storeui-26601","level":"info","message":"Not starting https server because the following configuration is not set: httpsHost, httpsPort, sslKey and sslCert","timestamp":"2024-11-19 12:59:27 +05:30"}
{"label":"storeui-26601","level":"info","message":"Application 'domino-printing-uk' is running -> http://localhost:3000 (development)","timestamp":"2024-11-19 12:59:27 +05:30"}
{"label":"storeui-26654","level":"warn","message":"Failed to find \"legacy\" build assets","timestamp":"2024-11-19 13:00:11 +05:30"}
{"label":"storeui-26654","level":"warn","message":"ALIAS - @oracle-cx-commerce/styles/common.css (@oracle-cx-commerce/domino-printing-uk/src/plugins/themes/_blank.css)","timestamp":"2024-11-19 13:00:11 +05:30"}
{"label":"storeui-26654","level":"warn","message":"ALIAS - @oracle-cx-commerce/styles/desktop.css (@oracle-cx-commerce/domino-printing-uk/src/plugins/themes/_blank.css)","timestamp":"2024-11-19 13:00:11 +05:30"}
{"label":"storeui-26654","level":"warn","message":"ALIAS - @oracle-cx-commerce/actions/session (@oracle-cx-commerce/domino-printing-uk/src/plugins/components/substitution/action/session/index.js)","timestamp":"2024-11-19 13:00:11 +05:30"}
{"label":"storeui-26654","level":"warn","message":"ALIAS - @oracle-cx-commerce/subscribers/session (@oracle-cx-commerce/domino-printing-uk/src/plugins/override/subscribers/session/index.js)","timestamp":"2024-11-19 13:00:11 +05:30"}
{"label":"storeui-26654","level":"info","message":"OCC_BUILDER = rollup","timestamp":"2024-11-19 13:00:11 +05:30"}
{"label":"storeui-26601","level":"http","message":"POST /ccstore/v1/analytics/visitorsMetric 200 298.014 ms - 118","timestamp":"2024-11-19 13:10:07 +05:30"}
